<?xml version="1.0" encoding="UTF-8" ?>
<testsuite failures="0" time="0" errors="0" skipped="0" tests="1" name="com.mycompany.jclassaccessor.AppTest">
  <properties>
    <property name="java.runtime.name" value="Java(TM) SE Runtime Environment"/>
    <property name="sun.boot.library.path" value="C:\Arquivos de programas\Java\jdk1.7.0_02\jre\bin"/>
    <property name="java.vm.version" value="22.0-b10"/>
    <property name="java.vm.vendor" value="Oracle Corporation"/>
    <property name="java.vendor.url" value="http://java.oracle.com/"/>
    <property name="path.separator" value=";"/>
    <property name="java.vm.name" value="Java HotSpot(TM) Client VM"/>
    <property name="file.encoding.pkg" value="sun.io"/>
    <property name="user.script" value=""/>
    <property name="user.country" value="BR"/>
    <property name="sun.java.launcher" value="SUN_STANDARD"/>
    <property name="sun.os.patch.level" value="Service Pack 3"/>
    <property name="java.vm.specification.name" value="Java Virtual Machine Specification"/>
    <property name="user.dir" value="F:\TesteJBean2\JClassAccessor"/>
    <property name="java.runtime.version" value="1.7.0_02-b13"/>
    <property name="java.awt.graphicsenv" value="sun.awt.Win32GraphicsEnvironment"/>
    <property name="basedir" value="F:\TesteJBean2\JClassAccessor"/>
    <property name="java.endorsed.dirs" value="C:\Arquivos de programas\Java\jdk1.7.0_02\jre\lib\endorsed"/>
    <property name="os.arch" value="x86"/>
    <property name="surefire.real.class.path" value="F:\TesteJBean2\JClassAccessor\target\surefire\surefirebooter5908422145150109924.jar"/>
    <property name="java.io.tmpdir" value="C:\DOCUME~1\leonardo\CONFIG~1\Temp\"/>
    <property name="line.separator" value="
"/>
    <property name="java.vm.specification.vendor" value="Oracle Corporation"/>
    <property name="user.variant" value=""/>
    <property name="os.name" value="Windows XP"/>
    <property name="sun.jnu.encoding" value="Cp1252"/>
    <property name="java.library.path" value="C:\Arquivos de programas\Java\jdk1.7.0_02\jre\bin;C:\WINDOWS\Sun\Java\bin;C:\WINDOWS\system32;C:\WINDOWS;C:\WINDOWS\system32;C:\WINDOWS;C:\WINDOWS\System32\Wbem;C:\Arquivos de programas\Microsoft SQL Server\80\Tools\Binn\;C:\Arquivos de programas\MySQL\MySQL Server 5.1\bin;c:\maven\bin;C:\Arquivos de programas\glassfishV3.1\javadb\bin;c:\maven3\bin;C:\Arquivos de programas\glassfish-3.1-b41\javadb\bin;c:\ant\bin;C:\findbugs\bin;C:\WINDOWS\system32;C:\WINDOWS;C:\WINDOWS\System32\Wbem;C:\Arquivos de programas\Microsoft SQL Server\80\Tools\Binn\;C:\Arquivos de programas\MySQL\MySQL Server 5.1\bin;c:\maven\bin;C:\Arquivos de programas\glassfishV3.1\javadb\bin;c:\maven3\bin;C:\Arquivos de programas\glassfish-3.1-b41\javadb\bin;c:\ant\bin;C:\findbugs\bin;C:\Arquivos de programas\Java\jdk1.6.0_21/bin;."/>
    <property name="surefire.test.class.path" value="F:\TesteJBean2\JClassAccessor\target\test-classes;F:\TesteJBean2\JClassAccessor\target\classes;C:\Documents and Settings\leonardo\.m2\repository\junit\junit\3.8.1\junit-3.8.1.jar;"/>
    <property name="java.specification.name" value="Java Platform API Specification"/>
    <property name="java.class.version" value="51.0"/>
    <property name="sun.management.compiler" value="HotSpot Client Compiler"/>
    <property name="os.version" value="5.1"/>
    <property name="user.home" value="C:\Documents and Settings\leonardo"/>
    <property name="user.timezone" value=""/>
    <property name="java.awt.printerjob" value="sun.awt.windows.WPrinterJob"/>
    <property name="java.specification.version" value="1.7"/>
    <property name="file.encoding" value="Cp1252"/>
    <property name="user.name" value="leonardo"/>
    <property name="java.class.path" value="F:\TesteJBean2\JClassAccessor\target\test-classes;F:\TesteJBean2\JClassAccessor\target\classes;C:\Documents and Settings\leonardo\.m2\repository\junit\junit\3.8.1\junit-3.8.1.jar;"/>
    <property name="java.vm.specification.version" value="1.7"/>
    <property name="sun.arch.data.model" value="32"/>
    <property name="java.home" value="C:\Arquivos de programas\Java\jdk1.7.0_02\jre"/>
    <property name="sun.java.command" value="F:\TesteJBean2\JClassAccessor\target\surefire\surefirebooter5908422145150109924.jar F:\TesteJBean2\JClassAccessor\target\surefire\surefire644264669420891737tmp F:\TesteJBean2\JClassAccessor\target\surefire\surefire5754640708682126500tmp"/>
    <property name="java.specification.vendor" value="Oracle Corporation"/>
    <property name="user.language" value="pt"/>
    <property name="awt.toolkit" value="sun.awt.windows.WToolkit"/>
    <property name="java.vm.info" value="mixed mode, sharing"/>
    <property name="java.version" value="1.7.0_02"/>
    <property name="java.ext.dirs" value="C:\Arquivos de programas\Java\jdk1.7.0_02\jre\lib\ext;C:\WINDOWS\Sun\Java\lib\ext"/>
    <property name="sun.boot.class.path" value="C:\Arquivos de programas\Java\jdk1.7.0_02\jre\lib\resources.jar;C:\Arquivos de programas\Java\jdk1.7.0_02\jre\lib\rt.jar;C:\Arquivos de programas\Java\jdk1.7.0_02\jre\lib\sunrsasign.jar;C:\Arquivos de programas\Java\jdk1.7.0_02\jre\lib\jsse.jar;C:\Arquivos de programas\Java\jdk1.7.0_02\jre\lib\jce.jar;C:\Arquivos de programas\Java\jdk1.7.0_02\jre\lib\charsets.jar;C:\Arquivos de programas\Java\jdk1.7.0_02\jre\classes"/>
    <property name="java.vendor" value="Oracle Corporation"/>
    <property name="localRepository" value="C:\Documents and Settings\leonardo\.m2\repository"/>
    <property name="file.separator" value="\"/>
    <property name="java.vendor.url.bug" value="http://bugreport.sun.com/bugreport/"/>
    <property name="sun.cpu.endian" value="little"/>
    <property name="sun.io.unicode.encoding" value="UnicodeLittle"/>
    <property name="sun.desktop" value="windows"/>
    <property name="sun.cpu.isalist" value="pentium_pro+mmx pentium_pro pentium+mmx pentium i486 i386 i86"/>
  </properties>
  <testcase time="0" classname="com.mycompany.jclassaccessor.AppTest" name="testApp"/>
</testsuite>